2024-11-27 10:09:23 warning: file_put_contents(/home/ct/Prac/prac/config/Migrations/schema-dump-default.lock): Failed to open stream: No such file or directory
Trace:
/home/ct/Prac/prac/vendor/cakephp/migrations/src/Command/DumpCommand.php /home/ct/Prac/prac/vendor/cakephp/migrations/src/Command/DumpCommand.php, line 139
Migrations\Command\DumpCommand->execute() /home/ct/Prac/prac/vendor/cakephp/cakephp/src/Console/BaseCommand.php, line 204
Cake\Console\BaseCommand->run() /home/ct/Prac/prac/vendor/cakephp/cakephp/src/Console/BaseCommand.php, line 296
Cake\Console\BaseCommand->executeCommand() /home/ct/Prac/prac/vendor/cakephp/migrations/src/Command/MigrateCommand.php, line 181
Migrations\Command\MigrateCommand->executeMigrations() /home/ct/Prac/prac/vendor/cakephp/migrations/src/Command/MigrateCommand.php, line 107
Migrations\Command\MigrateCommand->execute() /home/ct/Prac/prac/vendor/cakephp/cakephp/src/Console/BaseCommand.php, line 204
Cake\Console\BaseCommand->run() /home/ct/Prac/prac/vendor/cakephp/cakephp/src/Console/CommandRunner.php, line 330
Cake\Console\CommandRunner->runCommand() /home/ct/Prac/prac/vendor/cakephp/cakephp/src/Console/CommandRunner.php, line 168
Cake\Console\CommandRunner->run() /home/ct/Prac/prac/bin/cake.php, line 10
[main]

2024-11-27 10:09:49 warning: file_put_contents(/home/ct/Prac/prac/config/Migrations/schema-dump-default.lock): Failed to open stream: No such file or directory
Trace:
/home/ct/Prac/prac/vendor/cakephp/migrations/src/Command/DumpCommand.php /home/ct/Prac/prac/vendor/cakephp/migrations/src/Command/DumpCommand.php, line 139
Migrations\Command\DumpCommand->execute() /home/ct/Prac/prac/vendor/cakephp/cakephp/src/Console/BaseCommand.php, line 204
Cake\Console\BaseCommand->run() /home/ct/Prac/prac/vendor/cakephp/cakephp/src/Console/BaseCommand.php, line 296
Cake\Console\BaseCommand->executeCommand() /home/ct/Prac/prac/vendor/cakephp/migrations/src/Command/MigrateCommand.php, line 181
Migrations\Command\MigrateCommand->executeMigrations() /home/ct/Prac/prac/vendor/cakephp/migrations/src/Command/MigrateCommand.php, line 107
Migrations\Command\MigrateCommand->execute() /home/ct/Prac/prac/vendor/cakephp/cakephp/src/Console/BaseCommand.php, line 204
Cake\Console\BaseCommand->run() /home/ct/Prac/prac/vendor/cakephp/cakephp/src/Console/CommandRunner.php, line 330
Cake\Console\CommandRunner->runCommand() /home/ct/Prac/prac/vendor/cakephp/cakephp/src/Console/CommandRunner.php, line 168
Cake\Console\CommandRunner->run() /home/ct/Prac/prac/bin/cake.php, line 10
[main]

2025-04-22 06:04:33 error: [Cake\Database\Exception\DatabaseException] Cannot describe subscriptions. It has 0 columns. in /Users/binubostin/Downloads/Evea_CakePHP_v1.0.0/Evea/vendor/cakephp/cakephp/src/Database/Schema/Collection.php on line 118
Stack Trace:
- CORE/src/ORM/Table.php:546
- ROOT/vendor/cakephp/bake/src/Command/ModelCommand.php:116
- ROOT/vendor/cakephp/bake/src/Command/ModelCommand.php:99
- CORE/src/Console/BaseCommand.php:204
- CORE/src/Console/CommandRunner.php:330
- CORE/src/Console/CommandRunner.php:168
- ROOT/bin/cake.php:10
- [main]:

2025-04-22 06:39:04 error: [Cake\Database\Exception\DatabaseException] Cannot describe subscriptions. It has 0 columns. in /Users/binubostin/Downloads/Evea_CakePHP_v1.0.0/Evea/vendor/cakephp/cakephp/src/Database/Schema/Collection.php on line 118
Stack Trace:
- CORE/src/ORM/Table.php:546
- ROOT/vendor/cakephp/bake/src/Command/ModelCommand.php:116
- ROOT/vendor/cakephp/bake/src/Command/ModelCommand.php:99
- CORE/src/Console/BaseCommand.php:204
- CORE/src/Console/CommandRunner.php:330
- CORE/src/Console/CommandRunner.php:168
- ROOT/bin/cake.php:10
- [main]:

